nREPL server started on port 12345
"request took 2578 ms"
nREPL server started on port 12345
"request took 2380 ms"
"request took 16 ms"
"request took 19 ms"
"request took 14 ms"
nREPL server started on port 12345
"request took 2330 ms"
"request took 23 ms"
Retrieving org/clojure/tools.nrepl/0.2.1/tools.nrepl-0.2.1.pom from central
Retrieving clojure-complete/clojure-complete/0.2.2/clojure-complete-0.2.2.pom from clojars
Retrieving org/clojure/tools.nrepl/0.2.1/tools.nrepl-0.2.1.jar from central
Retrieving clojure-complete/clojure-complete/0.2.2/clojure-complete-0.2.2.jar from clojars
nREPL server started on port 12345
"request took 650 ms"
"request took 45 ms"
"request took 43 ms"
"request took 66 ms"
"request took 2091 ms"
"request took 10 ms"
"request took 8 ms"
"request took 6 ms"
"request took 7 ms"
"request took 237 ms"
"request took 45 ms"
"request took 8 ms"
